<!DOCTYPE html PUBLIC "-//W3C//DTD XHTML 1.1//EN" "https://www.w3.org/TR/xhtml11/DTD/xhtml11.dtd">
<html xmlns="https://www.w3.org/1999/xhtml">
<head>
<meta http-equiv="content-type" content="text/html; charset=UTF-8"/>
<title>TestNG Report</title>
<style type="text/css">table {margin-bottom:10px;border-collapse:collapse;empty-cells:show}th,td {border:1px solid #009;padding:.25em .5em}th {vertical-align:bottom}td {vertical-align:top}table a {font-weight:bold}.stripe td {background-color: #E6EBF9}.num {text-align:right}.passedodd td {background-color: #3F3}.passedeven td {background-color: #0A0}.skippedodd td {background-color: #DDD}.skippedeven td {background-color: #CCC}.failedodd td,.attn {background-color: #F33}.failedeven td,.stripe .attn {background-color: #D00}.stacktrace {white-space:pre;font-family:monospace}.totop {font-size:85%;text-align:center;border-bottom:2px solid #000}.invisible {display:none}</style>
</head>
<body>
<table>
<tr><th>Test</th><th># Passed</th><th># Skipped</th><th># Retried</th><th># Failed</th><th>Time (ms)</th><th>Included Groups</th><th>Excluded Groups</th></tr>
<tr><th colspan="8">MultipleWindowsPageTestSuite</th></tr>
<tr><td><a href="#t0">MultipleWindowsPageTestSuite-CH2</a></td><td class="num">0</td><td class="num">0</td><td class="num">0</td><td class="num attn">1</td><td class="num">11,154</td><td></td><td></td></tr>
<tr class="stripe"><td><a href="#t1">MultipleWindowsPageTestSuite-CH1</a></td><td class="num">0</td><td class="num">0</td><td class="num">0</td><td class="num attn">1</td><td class="num">11,183</td><td></td><td></td></tr>
<tr><td><a href="#t2">MultipleWindowsPageTestSuite-FF</a></td><td class="num">1</td><td class="num">0</td><td class="num">0</td><td class="num">0</td><td class="num">19,724</td><td></td><td></td></tr>
<tr><th>Total</th><th class="num">1</th><th class="num">0</th><th class="num">0</th><th class="num attn">2</th><th class="num">42,061</th><th colspan="2"></th></tr>
</table>
<table id='summary'><thead><tr><th>Class</th><th>Method</th><th>Start</th><th>Time (ms)</th></tr></thead><tbody><tr><th colspan="4">MultipleWindowsPageTestSuite</th></tr></tbody><tbody id="t0"><tr><th colspan="4">MultipleWindowsPageTestSuite-CH2 &#8212; failed</th></tr><tr class="failedeven"><td rowspan="1">com.heroku.theinternet.windows.MultipleWindowsPageTest</td><td><a href="#m0">multipleWindowsPageTest</a></td><td rowspan="1">1604082197354</td><td rowspan="1">4565</td></tr></tbody>
<tbody id="t1"><tr><th colspan="4">MultipleWindowsPageTestSuite-CH1 &#8212; failed</th></tr><tr class="failedeven"><td rowspan="1">com.heroku.theinternet.windows.MultipleWindowsPageTest</td><td><a href="#m1">multipleWindowsPageTest</a></td><td rowspan="1">1604082197352</td><td rowspan="1">4376</td></tr></tbody>
<tbody id="t2"><tr><th colspan="4">MultipleWindowsPageTestSuite-FF &#8212; passed</th></tr><tr class="passedeven"><td rowspan="1">com.heroku.theinternet.windows.MultipleWindowsPageTest</td><td><a href="#m2">multipleWindowsPageTest</a></td><td rowspan="1">1604082203386</td><td rowspan="1">1455</td></tr></tbody>
</table>
<h2>MultipleWindowsPageTestSuite-CH2</h2><h3 id="m0">com.heroku.theinternet.windows.MultipleWindowsPageTest#multipleWindowsPageTest</h3><table class="result"><tr><th>Exception</th></tr><tr><td><div class="stacktrace">org.openqa.selenium.NoSuchWindowException: no such window
  (Session info: chrome=86.0.4240.111)
Build info: version: &apos;3.141.59&apos;, revision: &apos;e82be7d358&apos;, time: &apos;2018-11-14T08:17:03&apos;
System info: host: &apos;ABERGER-CMM01&apos;, ip: &apos;172.23.3.240&apos;, os.name: &apos;Windows 7&apos;, os.arch: &apos;amd64&apos;, os.version: &apos;6.1&apos;, java.version: &apos;1.8.0_45&apos;
Driver info: org.openqa.selenium.chrome.ChromeDriver
Capabilities {acceptInsecureCerts: false, browserName: chrome, browserVersion: 86.0.4240.111, chrome: {chromedriverVersion: 85.0.4183.87 (cd6713ebf92fa..., userDataDir: C:\Users\ZEISS~1.ABE\AppDat...}, goog:chromeOptions: {debuggerAddress: localhost:19795}, javascriptEnabled: true, networkConnectionEnabled: false, pageLoadStrategy: normal, platform: WINDOWS, platformName: WINDOWS, proxy: Proxy(), setWindowRect: true, strictFileInteractability: false, timeouts: {implicit: 0, pageLoad: 300000, script: 30000}, unhandledPromptBehavior: dismiss and notify, webauthn:virtualAuthenticators: true}
Session ID: 8ff399cdc27935577e1b88519869a316
	at org.openqa.selenium.remote.http.W3CHttpResponseCodec.createException(W3CHttpResponseCodec.java:187)
	at org.openqa.selenium.remote.http.W3CHttpResponseCodec.decode(W3CHttpResponseCodec.java:122)
	at org.openqa.selenium.remote.http.W3CHttpResponseCodec.decode(W3CHttpResponseCodec.java:49)
	at org.openqa.selenium.remote.HttpCommandExecutor.execute(HttpCommandExecutor.java:158)
	at org.openqa.selenium.remote.service.DriverCommandExecutor.execute(DriverCommandExecutor.java:83)
	at org.openqa.selenium.remote.RemoteWebDriver.execute(RemoteWebDriver.java:552)
	at org.openqa.selenium.remote.RemoteWebDriver$RemoteTargetLocator.window(RemoteWebDriver.java:903)
	at com.herokuapp.theinternet.pages.BasePageObject.switchToWindow(BasePageObject.java:95)
	at com.herokuapp.theinternet.pages.MultipleWindowsPage.getTitleOfNewPage(MultipleWindowsPage.java:24)
	at com.heroku.theinternet.windows.MultipleWindowsPageTest.multipleWindowsPageTest(MultipleWindowsPageTest.java:23)
	at java.util.ArrayList.forEach(ArrayList.java:1249)
	at java.util.concurrent.FutureTask.run(FutureTask.java:266)
	at java.util.concurrent.ThreadPoolExecutor.runWorker(ThreadPoolExecutor.java:1142)
	at java.util.concurrent.ThreadPoolExecutor$Worker.run(ThreadPoolExecutor.java:617)
	at java.lang.Thread.run(Thread.java:745)
... Removed 24 stack frames</div></td></tr></table><p class="totop"><a href="#summary">back to summary</a></p>
<h2>MultipleWindowsPageTestSuite-CH1</h2><h3 id="m1">com.heroku.theinternet.windows.MultipleWindowsPageTest#multipleWindowsPageTest</h3><table class="result"><tr><th>Exception</th></tr><tr><td><div class="stacktrace">org.openqa.selenium.NoSuchWindowException: no such window
  (Session info: chrome=86.0.4240.111)
Build info: version: &apos;3.141.59&apos;, revision: &apos;e82be7d358&apos;, time: &apos;2018-11-14T08:17:03&apos;
System info: host: &apos;ABERGER-CMM01&apos;, ip: &apos;172.23.3.240&apos;, os.name: &apos;Windows 7&apos;, os.arch: &apos;amd64&apos;, os.version: &apos;6.1&apos;, java.version: &apos;1.8.0_45&apos;
Driver info: org.openqa.selenium.chrome.ChromeDriver
Capabilities {acceptInsecureCerts: false, browserName: chrome, browserVersion: 86.0.4240.111, chrome: {chromedriverVersion: 85.0.4183.87 (cd6713ebf92fa..., userDataDir: C:\Users\ZEISS~1.ABE\AppDat...}, goog:chromeOptions: {debuggerAddress: localhost:19794}, javascriptEnabled: true, networkConnectionEnabled: false, pageLoadStrategy: normal, platform: WINDOWS, platformName: WINDOWS, proxy: Proxy(), setWindowRect: true, strictFileInteractability: false, timeouts: {implicit: 0, pageLoad: 300000, script: 30000}, unhandledPromptBehavior: dismiss and notify, webauthn:virtualAuthenticators: true}
Session ID: 4fbbde9f571efa625d61cf8786b108d6
	at org.openqa.selenium.remote.http.W3CHttpResponseCodec.createException(W3CHttpResponseCodec.java:187)
	at org.openqa.selenium.remote.http.W3CHttpResponseCodec.decode(W3CHttpResponseCodec.java:122)
	at org.openqa.selenium.remote.http.W3CHttpResponseCodec.decode(W3CHttpResponseCodec.java:49)
	at org.openqa.selenium.remote.HttpCommandExecutor.execute(HttpCommandExecutor.java:158)
	at org.openqa.selenium.remote.service.DriverCommandExecutor.execute(DriverCommandExecutor.java:83)
	at org.openqa.selenium.remote.RemoteWebDriver.execute(RemoteWebDriver.java:552)
	at org.openqa.selenium.remote.RemoteWebDriver$RemoteTargetLocator.window(RemoteWebDriver.java:903)
	at com.herokuapp.theinternet.pages.BasePageObject.switchToWindow(BasePageObject.java:95)
	at com.herokuapp.theinternet.pages.MultipleWindowsPage.getTitleOfNewPage(MultipleWindowsPage.java:24)
	at com.heroku.theinternet.windows.MultipleWindowsPageTest.multipleWindowsPageTest(MultipleWindowsPageTest.java:23)
	at java.util.ArrayList.forEach(ArrayList.java:1249)
	at java.util.concurrent.FutureTask.run(FutureTask.java:266)
	at java.util.concurrent.ThreadPoolExecutor.runWorker(ThreadPoolExecutor.java:1142)
	at java.util.concurrent.ThreadPoolExecutor$Worker.run(ThreadPoolExecutor.java:617)
	at java.lang.Thread.run(Thread.java:745)
... Removed 24 stack frames</div></td></tr></table><p class="totop"><a href="#summary">back to summary</a></p>
<h2>MultipleWindowsPageTestSuite-FF</h2><h3 id="m2">com.heroku.theinternet.windows.MultipleWindowsPageTest#multipleWindowsPageTest</h3><table class="result"><tr><th class="invisible"/></tr></table><p class="totop"><a href="#summary">back to summary</a></p>
</body>
</html>
