<?xml version="1.0" encoding="UTF-8"?>
<testng-results skipped="0" failed="2" ignored="0" total="3" passed="1">
  <reporter-output>
  </reporter-output>
  <suite name="MultipleWindowsPageTestSuite" duration-ms="19724" started-at="2020-10-30T14:23:11 EDT" finished-at="2020-10-30T14:23:31 EDT">
    <groups>
    </groups>
    <test name="MultipleWindowsPageTestSuite-CH2" duration-ms="11154" started-at="2020-10-30T14:23:11 EDT" finished-at="2020-10-30T14:23:22 EDT">
      <class name="com.heroku.theinternet.windows.MultipleWindowsPageTest">
        <test-method status="PASS" signature="setUpDriver(java.lang.String, org.testng.ITestContext)[pri:0, instance:com.heroku.theinternet.windows.MultipleWindowsPageTest@1f57539]" name="setUpDriver" is-config="true" duration-ms="5888" started-at="2020-10-30T14:23:11 EDT" finished-at="2020-10-30T14:23:17 EDT">
          <params>
            <param index="0">
              <value>
                <![CDATA[chrome]]>
              </value>
            </param>
            <param index="1">
              <value>
                <![CDATA[org.testng.TestRunner@29b5cd00]]>
              </value>
            </param>
          </params>
          <reporter-output>
          </reporter-output>
        </test-method> <!-- setUpDriver -->
        <test-method status="FAIL" signature="multipleWindowsPageTest()[pri:0, instance:com.heroku.theinternet.windows.MultipleWindowsPageTest@1f57539]" name="multipleWindowsPageTest" duration-ms="4565" started-at="2020-10-30T14:23:17 EDT" finished-at="2020-10-30T14:23:21 EDT">
          <exception class="org.openqa.selenium.NoSuchWindowException">
            <message>
              <![CDATA[no such window
  (Session info: chrome=86.0.4240.111)
Build info: version: '3.141.59', revision: 'e82be7d358', time: '2018-11-14T08:17:03'
System info: host: 'ABERGER-CMM01', ip: '172.23.3.240', os.name: 'Windows 7', os.arch: 'amd64', os.version: '6.1', java.version: '1.8.0_45'
Driver info: org.openqa.selenium.chrome.ChromeDriver
Capabilities {acceptInsecureCerts: false, browserName: chrome, browserVersion: 86.0.4240.111, chrome: {chromedriverVersion: 85.0.4183.87 (cd6713ebf92fa..., userDataDir: C:\Users\ZEISS~1.ABE\AppDat...}, goog:chromeOptions: {debuggerAddress: localhost:19795}, javascriptEnabled: true, networkConnectionEnabled: false, pageLoadStrategy: normal, platform: WINDOWS, platformName: WINDOWS, proxy: Proxy(), setWindowRect: true, strictFileInteractability: false, timeouts: {implicit: 0, pageLoad: 300000, script: 30000}, unhandledPromptBehavior: dismiss and notify, webauthn:virtualAuthenticators: true}
Session ID: 8ff399cdc27935577e1b88519869a316]]>
            </message>
            <full-stacktrace>
              <![CDATA[org.openqa.selenium.NoSuchWindowException: no such window
  (Session info: chrome=86.0.4240.111)
Build info: version: '3.141.59', revision: 'e82be7d358', time: '2018-11-14T08:17:03'
System info: host: 'ABERGER-CMM01', ip: '172.23.3.240', os.name: 'Windows 7', os.arch: 'amd64', os.version: '6.1', java.version: '1.8.0_45'
Driver info: org.openqa.selenium.chrome.ChromeDriver
Capabilities {acceptInsecureCerts: false, browserName: chrome, browserVersion: 86.0.4240.111, chrome: {chromedriverVersion: 85.0.4183.87 (cd6713ebf92fa..., userDataDir: C:\Users\ZEISS~1.ABE\AppDat...}, goog:chromeOptions: {debuggerAddress: localhost:19795}, javascriptEnabled: true, networkConnectionEnabled: false, pageLoadStrategy: normal, platform: WINDOWS, platformName: WINDOWS, proxy: Proxy(), setWindowRect: true, strictFileInteractability: false, timeouts: {implicit: 0, pageLoad: 300000, script: 30000}, unhandledPromptBehavior: dismiss and notify, webauthn:virtualAuthenticators: true}
Session ID: 8ff399cdc27935577e1b88519869a316
at sun.reflect.NativeConstructorAccessorImpl.newInstance0(Native Method)
at sun.reflect.NativeConstructorAccessorImpl.newInstance(NativeConstructorAccessorImpl.java:62)
at sun.reflect.DelegatingConstructorAccessorImpl.newInstance(DelegatingConstructorAccessorImpl.java:45)
at java.lang.reflect.Constructor.newInstance(Constructor.java:422)
at org.openqa.selenium.remote.http.W3CHttpResponseCodec.createException(W3CHttpResponseCodec.java:187)
at org.openqa.selenium.remote.http.W3CHttpResponseCodec.decode(W3CHttpResponseCodec.java:122)
at org.openqa.selenium.remote.http.W3CHttpResponseCodec.decode(W3CHttpResponseCodec.java:49)
at org.openqa.selenium.remote.HttpCommandExecutor.execute(HttpCommandExecutor.java:158)
at org.openqa.selenium.remote.service.DriverCommandExecutor.execute(DriverCommandExecutor.java:83)
at org.openqa.selenium.remote.RemoteWebDriver.execute(RemoteWebDriver.java:552)
at org.openqa.selenium.remote.RemoteWebDriver$RemoteTargetLocator.window(RemoteWebDriver.java:903)
at com.herokuapp.theinternet.pages.BasePageObject.switchToWindow(BasePageObject.java:95)
at com.herokuapp.theinternet.pages.MultipleWindowsPage.getTitleOfNewPage(MultipleWindowsPage.java:24)
at com.heroku.theinternet.windows.MultipleWindowsPageTest.multipleWindowsPageTest(MultipleWindowsPageTest.java:23)
at sun.reflect.NativeMethodAccessorImpl.invoke0(Native Method)
at sun.reflect.NativeMethodAccessorImpl.invoke(NativeMethodAccessorImpl.java:62)
at sun.reflect.DelegatingMethodAccessorImpl.invoke(DelegatingMethodAccessorImpl.java:43)
at java.lang.reflect.Method.invoke(Method.java:497)
at org.testng.internal.MethodInvocationHelper.invokeMethod(MethodInvocationHelper.java:132)
at org.testng.internal.TestInvoker.invokeMethod(TestInvoker.java:599)
at org.testng.internal.TestInvoker.invokeTestMethod(TestInvoker.java:174)
at org.testng.internal.MethodRunner.runInSequence(MethodRunner.java:46)
at org.testng.internal.TestInvoker$MethodInvocationAgent.invoke(TestInvoker.java:822)
at org.testng.internal.TestInvoker.invokeTestMethods(TestInvoker.java:147)
at org.testng.internal.TestMethodWorker.invokeTestMethods(TestMethodWorker.java:146)
at org.testng.internal.TestMethodWorker.run(TestMethodWorker.java:128)
at org.testng.TestRunner$$Lambda$368/2053166444.accept(Unknown Source)
at java.util.ArrayList.forEach(ArrayList.java:1249)
at org.testng.TestRunner.privateRun(TestRunner.java:764)
at org.testng.TestRunner.run(TestRunner.java:585)
at org.testng.SuiteRunner.runTest(SuiteRunner.java:384)
at org.testng.SuiteRunner.access$000(SuiteRunner.java:28)
at org.testng.SuiteRunner$SuiteWorker.run(SuiteRunner.java:425)
at org.testng.internal.thread.ThreadUtil.lambda$execute$0(ThreadUtil.java:66)
at org.testng.internal.thread.ThreadUtil$$Lambda$42/561247961.call(Unknown Source)
at java.util.concurrent.FutureTask.run(FutureTask.java:266)
at java.util.concurrent.ThreadPoolExecutor.runWorker(ThreadPoolExecutor.java:1142)
at java.util.concurrent.ThreadPoolExecutor$Worker.run(ThreadPoolExecutor.java:617)
at java.lang.Thread.run(Thread.java:745)
]]>
            </full-stacktrace>
          </exception> <!-- org.openqa.selenium.NoSuchWindowException -->
          <reporter-output>
          </reporter-output>
        </test-method> <!-- multipleWindowsPageTest -->
        <test-method status="PASS" signature="tearDown()[pri:0, instance:com.heroku.theinternet.windows.MultipleWindowsPageTest@1f57539]" name="tearDown" is-config="true" duration-ms="646" started-at="2020-10-30T14:23:21 EDT" finished-at="2020-10-30T14:23:22 EDT">
          <reporter-output>
          </reporter-output>
        </test-method> <!-- tearDown -->
      </class> <!-- com.heroku.theinternet.windows.MultipleWindowsPageTest -->
    </test> <!-- MultipleWindowsPageTestSuite-CH2 -->
    <test name="MultipleWindowsPageTestSuite-CH1" duration-ms="11183" started-at="2020-10-30T14:23:11 EDT" finished-at="2020-10-30T14:23:22 EDT">
      <class name="com.heroku.theinternet.windows.MultipleWindowsPageTest">
        <test-method status="PASS" signature="setUpDriver(java.lang.String, org.testng.ITestContext)[pri:0, instance:com.heroku.theinternet.windows.MultipleWindowsPageTest@5a8806ef]" name="setUpDriver" is-config="true" duration-ms="5888" started-at="2020-10-30T14:23:11 EDT" finished-at="2020-10-30T14:23:17 EDT">
          <params>
            <param index="0">
              <value>
                <![CDATA[chrome]]>
              </value>
            </param>
            <param index="1">
              <value>
                <![CDATA[org.testng.TestRunner@45820e51]]>
              </value>
            </param>
          </params>
          <reporter-output>
          </reporter-output>
        </test-method> <!-- setUpDriver -->
        <test-method status="FAIL" signature="multipleWindowsPageTest()[pri:0, instance:com.heroku.theinternet.windows.MultipleWindowsPageTest@5a8806ef]" name="multipleWindowsPageTest" duration-ms="4376" started-at="2020-10-30T14:23:17 EDT" finished-at="2020-10-30T14:23:21 EDT">
          <exception class="org.openqa.selenium.NoSuchWindowException">
            <message>
              <![CDATA[no such window
  (Session info: chrome=86.0.4240.111)
Build info: version: '3.141.59', revision: 'e82be7d358', time: '2018-11-14T08:17:03'
System info: host: 'ABERGER-CMM01', ip: '172.23.3.240', os.name: 'Windows 7', os.arch: 'amd64', os.version: '6.1', java.version: '1.8.0_45'
Driver info: org.openqa.selenium.chrome.ChromeDriver
Capabilities {acceptInsecureCerts: false, browserName: chrome, browserVersion: 86.0.4240.111, chrome: {chromedriverVersion: 85.0.4183.87 (cd6713ebf92fa..., userDataDir: C:\Users\ZEISS~1.ABE\AppDat...}, goog:chromeOptions: {debuggerAddress: localhost:19794}, javascriptEnabled: true, networkConnectionEnabled: false, pageLoadStrategy: normal, platform: WINDOWS, platformName: WINDOWS, proxy: Proxy(), setWindowRect: true, strictFileInteractability: false, timeouts: {implicit: 0, pageLoad: 300000, script: 30000}, unhandledPromptBehavior: dismiss and notify, webauthn:virtualAuthenticators: true}
Session ID: 4fbbde9f571efa625d61cf8786b108d6]]>
            </message>
            <full-stacktrace>
              <![CDATA[org.openqa.selenium.NoSuchWindowException: no such window
  (Session info: chrome=86.0.4240.111)
Build info: version: '3.141.59', revision: 'e82be7d358', time: '2018-11-14T08:17:03'
System info: host: 'ABERGER-CMM01', ip: '172.23.3.240', os.name: 'Windows 7', os.arch: 'amd64', os.version: '6.1', java.version: '1.8.0_45'
Driver info: org.openqa.selenium.chrome.ChromeDriver
Capabilities {acceptInsecureCerts: false, browserName: chrome, browserVersion: 86.0.4240.111, chrome: {chromedriverVersion: 85.0.4183.87 (cd6713ebf92fa..., userDataDir: C:\Users\ZEISS~1.ABE\AppDat...}, goog:chromeOptions: {debuggerAddress: localhost:19794}, javascriptEnabled: true, networkConnectionEnabled: false, pageLoadStrategy: normal, platform: WINDOWS, platformName: WINDOWS, proxy: Proxy(), setWindowRect: true, strictFileInteractability: false, timeouts: {implicit: 0, pageLoad: 300000, script: 30000}, unhandledPromptBehavior: dismiss and notify, webauthn:virtualAuthenticators: true}
Session ID: 4fbbde9f571efa625d61cf8786b108d6
at sun.reflect.NativeConstructorAccessorImpl.newInstance0(Native Method)
at sun.reflect.NativeConstructorAccessorImpl.newInstance(NativeConstructorAccessorImpl.java:62)
at sun.reflect.DelegatingConstructorAccessorImpl.newInstance(DelegatingConstructorAccessorImpl.java:45)
at java.lang.reflect.Constructor.newInstance(Constructor.java:422)
at org.openqa.selenium.remote.http.W3CHttpResponseCodec.createException(W3CHttpResponseCodec.java:187)
at org.openqa.selenium.remote.http.W3CHttpResponseCodec.decode(W3CHttpResponseCodec.java:122)
at org.openqa.selenium.remote.http.W3CHttpResponseCodec.decode(W3CHttpResponseCodec.java:49)
at org.openqa.selenium.remote.HttpCommandExecutor.execute(HttpCommandExecutor.java:158)
at org.openqa.selenium.remote.service.DriverCommandExecutor.execute(DriverCommandExecutor.java:83)
at org.openqa.selenium.remote.RemoteWebDriver.execute(RemoteWebDriver.java:552)
at org.openqa.selenium.remote.RemoteWebDriver$RemoteTargetLocator.window(RemoteWebDriver.java:903)
at com.herokuapp.theinternet.pages.BasePageObject.switchToWindow(BasePageObject.java:95)
at com.herokuapp.theinternet.pages.MultipleWindowsPage.getTitleOfNewPage(MultipleWindowsPage.java:24)
at com.heroku.theinternet.windows.MultipleWindowsPageTest.multipleWindowsPageTest(MultipleWindowsPageTest.java:23)
at sun.reflect.NativeMethodAccessorImpl.invoke0(Native Method)
at sun.reflect.NativeMethodAccessorImpl.invoke(NativeMethodAccessorImpl.java:62)
at sun.reflect.DelegatingMethodAccessorImpl.invoke(DelegatingMethodAccessorImpl.java:43)
at java.lang.reflect.Method.invoke(Method.java:497)
at org.testng.internal.MethodInvocationHelper.invokeMethod(MethodInvocationHelper.java:132)
at org.testng.internal.TestInvoker.invokeMethod(TestInvoker.java:599)
at org.testng.internal.TestInvoker.invokeTestMethod(TestInvoker.java:174)
at org.testng.internal.MethodRunner.runInSequence(MethodRunner.java:46)
at org.testng.internal.TestInvoker$MethodInvocationAgent.invoke(TestInvoker.java:822)
at org.testng.internal.TestInvoker.invokeTestMethods(TestInvoker.java:147)
at org.testng.internal.TestMethodWorker.invokeTestMethods(TestMethodWorker.java:146)
at org.testng.internal.TestMethodWorker.run(TestMethodWorker.java:128)
at org.testng.TestRunner$$Lambda$368/2053166444.accept(Unknown Source)
at java.util.ArrayList.forEach(ArrayList.java:1249)
at org.testng.TestRunner.privateRun(TestRunner.java:764)
at org.testng.TestRunner.run(TestRunner.java:585)
at org.testng.SuiteRunner.runTest(SuiteRunner.java:384)
at org.testng.SuiteRunner.access$000(SuiteRunner.java:28)
at org.testng.SuiteRunner$SuiteWorker.run(SuiteRunner.java:425)
at org.testng.internal.thread.ThreadUtil.lambda$execute$0(ThreadUtil.java:66)
at org.testng.internal.thread.ThreadUtil$$Lambda$42/561247961.call(Unknown Source)
at java.util.concurrent.FutureTask.run(FutureTask.java:266)
at java.util.concurrent.ThreadPoolExecutor.runWorker(ThreadPoolExecutor.java:1142)
at java.util.concurrent.ThreadPoolExecutor$Worker.run(ThreadPoolExecutor.java:617)
at java.lang.Thread.run(Thread.java:745)
]]>
            </full-stacktrace>
          </exception> <!-- org.openqa.selenium.NoSuchWindowException -->
          <reporter-output>
          </reporter-output>
        </test-method> <!-- multipleWindowsPageTest -->
        <test-method status="PASS" signature="tearDown()[pri:0, instance:com.heroku.theinternet.windows.MultipleWindowsPageTest@5a8806ef]" name="tearDown" is-config="true" duration-ms="850" started-at="2020-10-30T14:23:21 EDT" finished-at="2020-10-30T14:23:22 EDT">
          <reporter-output>
          </reporter-output>
        </test-method> <!-- tearDown -->
      </class> <!-- com.heroku.theinternet.windows.MultipleWindowsPageTest -->
    </test> <!-- MultipleWindowsPageTestSuite-CH1 -->
    <test name="MultipleWindowsPageTestSuite-FF" duration-ms="19724" started-at="2020-10-30T14:23:11 EDT" finished-at="2020-10-30T14:23:31 EDT">
      <class name="com.heroku.theinternet.windows.MultipleWindowsPageTest">
        <test-method status="PASS" signature="setUpDriver(java.lang.String, org.testng.ITestContext)[pri:0, instance:com.heroku.theinternet.windows.MultipleWindowsPageTest@27a8c74e]" name="setUpDriver" is-config="true" duration-ms="11962" started-at="2020-10-30T14:23:11 EDT" finished-at="2020-10-30T14:23:23 EDT">
          <params>
            <param index="0">
              <value>
                <![CDATA[firefox]]>
              </value>
            </param>
            <param index="1">
              <value>
                <![CDATA[org.testng.TestRunner@42d8062c]]>
              </value>
            </param>
          </params>
          <reporter-output>
          </reporter-output>
        </test-method> <!-- setUpDriver -->
        <test-method status="PASS" signature="multipleWindowsPageTest()[pri:0, instance:com.heroku.theinternet.windows.MultipleWindowsPageTest@27a8c74e]" name="multipleWindowsPageTest" duration-ms="1455" started-at="2020-10-30T14:23:23 EDT" finished-at="2020-10-30T14:23:24 EDT">
          <reporter-output>
          </reporter-output>
        </test-method> <!-- multipleWindowsPageTest -->
        <test-method status="PASS" signature="tearDown()[pri:0, instance:com.heroku.theinternet.windows.MultipleWindowsPageTest@27a8c74e]" name="tearDown" is-config="true" duration-ms="6297" started-at="2020-10-30T14:23:24 EDT" finished-at="2020-10-30T14:23:31 EDT">
          <reporter-output>
          </reporter-output>
        </test-method> <!-- tearDown -->
      </class> <!-- com.heroku.theinternet.windows.MultipleWindowsPageTest -->
    </test> <!-- MultipleWindowsPageTestSuite-FF -->
  </suite> <!-- MultipleWindowsPageTestSuite -->
</testng-results>
